==============================================================================
Tests                                                                         
==============================================================================
Tests.Signup :: Signup Test Suite                                             
==============================================================================
Duplicate user                                                        | PASS |
------------------------------------------------------------------------------
Wrong Email                                                           | PASS |
------------------------------------------------------------------------------
Required Fields                                                       | PASS |
------------------------------------------------------------------------------
Short Password                                                        | PASS |
------------------------------------------------------------------------------
Tests.Signup :: Signup Test Suite                                     | PASS |
4 tests, 4 passed, 0 failed
==============================================================================
Tests                                                                 | PASS |
4 tests, 4 passed, 0 failed
==============================================================================
Output:  C:\GravidadeZERO\getgeeks\project\frontend\logs\pabot_results\2\output.xml
