==============================================================================
Tests                                                                         
==============================================================================
Tests.Login :: Login Test Suite                                               
==============================================================================
Incorrect Pass                                                        | PASS |
------------------------------------------------------------------------------
User not found                                                        | PASS |
------------------------------------------------------------------------------
Incorret Email                                                        | PASS |
------------------------------------------------------------------------------
Email Required                                                        | PASS |
------------------------------------------------------------------------------
Password Required                                                     | PASS |
------------------------------------------------------------------------------
Submit Login                                                          | PASS |
------------------------------------------------------------------------------
Tests.Login :: Login Test Suite                                       | PASS |
6 tests, 6 passed, 0 failed
==============================================================================
Tests                                                                 | PASS |
6 tests, 6 passed, 0 failed
==============================================================================
Output:  C:\GravidadeZERO\getgeeks\project\frontend\logs\pabot_results\1\output.xml
