==============================================================================
Tests                                                                         
==============================================================================
Tests.SignupRequired :: Signup Required Test Suite                            
==============================================================================
Name is required                                                      | PASS |
------------------------------------------------------------------------------
Lastname is required                                                  | PASS |
------------------------------------------------------------------------------
Email is required                                                     | PASS |
------------------------------------------------------------------------------
Password is required                                                  | PASS |
------------------------------------------------------------------------------
Tests.SignupRequired :: Signup Required Test Suite                    | PASS |
4 tests, 4 passed, 0 failed
==============================================================================
Tests                                                                 | PASS |
4 tests, 4 passed, 0 failed
==============================================================================
Output:  C:\GravidadeZERO\getgeeks\project\frontend\logs\pabot_results\3\output.xml
