==============================================================================
Tests                                                                         
==============================================================================
Tests.AttemptBeGeek :: AttemptBeGeek Test Suite                               
==============================================================================
Short desc                                                            | PASS |
------------------------------------------------------------------------------
Long desc                                                             | PASS |
------------------------------------------------------------------------------
Empty desc                                                            | PASS |
------------------------------------------------------------------------------
Whats only ddd                                                        | PASS |
------------------------------------------------------------------------------
Whats only number                                                     | PASS |
------------------------------------------------------------------------------
Empty whats                                                           | PASS |
------------------------------------------------------------------------------
Cost letters                                                          | PASS |
------------------------------------------------------------------------------
Cost alpha                                                            | PASS |
------------------------------------------------------------------------------
Cost special chars                                                    | PASS |
------------------------------------------------------------------------------
EMpty cost                                                            | PASS |
------------------------------------------------------------------------------
No printer repair                                                     | PASS |
------------------------------------------------------------------------------
No work                                                               | PASS |
------------------------------------------------------------------------------
Tests.AttemptBeGeek :: AttemptBeGeek Test Suite                       | PASS |
12 tests, 12 passed, 0 failed
==============================================================================
Tests                                                                 | PASS |
12 tests, 12 passed, 0 failed
==============================================================================
Output:  C:\GravidadeZERO\getgeeks\project\frontend\logs\pabot_results\0\output.xml
